\BOOKMARK [1][]{section*.1}{\376\377\000W\000o\000r\000k\000\040\000E\000x\000p\000e\000r\000i\000e\000n\000c\000e}{}% 1
\BOOKMARK [1][]{section*.2}{\376\377\000E\000d\000u\000c\000a\000t\000i\000o\000n}{}% 2
\BOOKMARK [1][]{section*.3}{\376\377\000H\000o\000n\000o\000r\000s\000\040\000\046\000\040\000A\000w\000a\000r\000d\000s}{}% 3
\BOOKMARK [1][]{section*.4}{\376\377\000C\000o\000m\000p\000l\000e\000t\000e\000\040\000L\000i\000s\000t\000\040\000o\000f\000\040\000P\000u\000b\000l\000i\000c\000a\000t\000i\000o\000n\000s}{}% 4
\BOOKMARK [2][]{section*.5}{\376\377\0002\0000\0002\0002}{section*.4}% 5
\BOOKMARK [2][]{section*.6}{\376\377\0002\0000\0002\0001}{section*.4}% 6
\BOOKMARK [2][]{section*.7}{\376\377\0002\0000\0002\0000}{section*.4}% 7
\BOOKMARK [2][]{section*.8}{\376\377\0002\0000\0001\0009}{section*.4}% 8
\BOOKMARK [2][]{section*.9}{\376\377\0002\0000\0001\0008}{section*.4}% 9
\BOOKMARK [2][]{section*.10}{\376\377\0002\0000\0001\0007}{section*.4}% 10
\BOOKMARK [2][]{section*.11}{\376\377\0002\0000\0001\0006}{section*.4}% 11
\BOOKMARK [2][]{section*.12}{\376\377\0002\0000\0001\0005}{section*.4}% 12
\BOOKMARK [2][]{section*.13}{\376\377\0002\0000\0001\0002}{section*.4}% 13
\BOOKMARK [2][]{section*.14}{\376\377\000P\000r\000e\000p\000r\000i\000n\000t\000s}{section*.4}% 14
\BOOKMARK [1][]{section*.15}{\376\377\000G\000r\000a\000n\000t\000s\000\040\000F\000u\000n\000d\000e\000d}{}% 15
\BOOKMARK [2][]{section*.16}{\376\377\000A\000u\000t\000h\000o\000r\000\040\000a\000n\000d\000\040\000B\000e\000n\000e\000f\000i\000c\000i\000a\000r\000y}{section*.15}% 16
\BOOKMARK [2][]{section*.17}{\376\377\000C\000o\000l\000l\000a\000b\000o\000r\000a\000t\000i\000o\000n\000s}{section*.15}% 17
\BOOKMARK [1][]{section*.18}{\376\377\000E\000v\000e\000n\000t\000\040\000O\000r\000g\000a\000n\000i\000z\000a\000t\000i\000o\000n}{}% 18
\BOOKMARK [1][]{section*.19}{\376\377\000O\000r\000a\000l\000\040\000P\000r\000e\000s\000e\000n\000t\000a\000t\000i\000o\000n\000s}{}% 19
\BOOKMARK [1][]{section*.20}{\376\377\000P\000o\000s\000t\000e\000r\000\040\000P\000r\000e\000s\000e\000n\000t\000a\000t\000i\000o\000n\000s}{}% 20
\BOOKMARK [1][]{section*.21}{\376\377\000T\000e\000a\000c\000h\000i\000n\000g\000\040\000E\000x\000p\000e\000r\000i\000e\000n\000c\000e}{}% 21
\BOOKMARK [2][]{section*.22}{\376\377\000G\000r\000a\000d\000u\000a\000t\000e\000\040\000S\000c\000h\000o\000o\000l}{section*.21}% 22
\BOOKMARK [2][]{section*.23}{\376\377\000C\000o\000l\000l\000e\000g\000e\000\040\000L\000e\000v\000e\000l}{section*.21}% 23
\BOOKMARK [2][]{section*.24}{\376\377\000K\000-\0001\0002}{section*.21}% 24
\BOOKMARK [2][]{section*.25}{\376\377\000M\000e\000n\000t\000o\000r\000i\000n\000g}{section*.21}% 25
\BOOKMARK [2][]{section*.26}{\376\377\000T\000e\000a\000c\000h\000i\000n\000g\000\040\000I\000n\000t\000e\000r\000e\000s\000t\000s}{section*.21}% 26
\BOOKMARK [1][]{section*.27}{\376\377\000T\000r\000a\000i\000n\000i\000n\000g\000\040\000a\000n\000d\000\040\000C\000e\000r\000t\000i\000f\000i\000c\000a\000t\000i\000o\000n\000s}{}% 27
\BOOKMARK [1][]{section*.28}{\376\377\000E\000d\000i\000t\000o\000r\000i\000a\000l\000\040\000R\000o\000l\000e\000s}{}% 28
\BOOKMARK [1][]{section*.29}{\376\377\000R\000e\000v\000i\000e\000w\000s}{}% 29
\BOOKMARK [1][]{section*.30}{\376\377\000S\000k\000i\000l\000l\000s}{}% 30
\BOOKMARK [2][]{section*.31}{\376\377\000L\000a\000n\000g\000u\000a\000g\000e\000s}{section*.30}% 31
\BOOKMARK [2][]{section*.32}{\376\377\000S\000k\000i\000l\000l\000s\000\040\000i\000n\000\040\000C\000o\000m\000p\000u\000t\000a\000t\000i\000o\000n\000a\000l\000\040\000B\000i\000o\000l\000o\000g\000y}{section*.30}% 32
\BOOKMARK [2][]{section*.33}{\376\377\000C\000l\000u\000s\000t\000e\000r\000\040\000M\000a\000n\000a\000g\000e\000m\000e\000n\000t}{section*.30}% 33
\BOOKMARK [2][]{section*.34}{\376\377\000S\000o\000f\000t\000w\000a\000r\000e\000\040\000D\000e\000v\000e\000l\000o\000p\000m\000e\000n\000t}{section*.30}% 34
\BOOKMARK [1][]{section*.35}{\376\377\000O\000n\000l\000i\000n\000e\000\040\000R\000e\000s\000e\000a\000r\000c\000h\000\040\000P\000r\000o\000f\000i\000l\000e}{}% 35
